# JRE version: Java(TM) SE Runtime Environment (8.0_161-b12) (build 1.8.0_161-b12)
# Java VM: Java HotSpot(TM) 64-Bit Server VM (25.161-b12 mixed mode windows-amd64 compressed oops)
Heap:
 PSYoungGen      total 109568K, used 28827K [0x00000000d5f00000, 0x00000000e0680000, 0x0000000100000000)
  eden space 98816K, 29% used [0x00000000d5f00000,0x00000000d7b26d20,0x00000000dbf80000)
  from space 10752K, 0% used [0x00000000dbf80000,0x00000000dbf80000,0x00000000dca00000)
  to   space 12288K, 0% used [0x00000000dfa80000,0x00000000dfa80000,0x00000000e0680000)
 ParOldGen       total 97280K, used 14668K [0x0000000081c00000, 0x0000000087b00000, 0x00000000d5f00000)
  object space 97280K, 15% used [0x0000000081c00000,0x0000000082a53288,0x0000000087b00000)
 Metaspace       used 35686K, capacity 37292K, committed 37416K, reserved 1081344K
  class space    used 4655K, capacity 4953K, committed 5040K, reserved 1048576K
GC Heap History (10 events):
Event: 3.540 GC heap before
{Heap before GC invocations=5 (full 1):
 PSYoungGen      total 71680K, used 5093K [0x00000000d5f00000, 0x00000000daa00000, 0x0000000100000000)
  eden space 66560K, 0% used [0x00000000d5f00000,0x00000000d5f00000,0x00000000da000000)
  from space 5120K, 99% used [0x00000000da500000,0x00000000da9f9440,0x00000000daa00000)
  to   space 5120K, 0% used [0x00000000da000000,0x00000000da000000,0x00000000da500000)
 ParOldGen       total 87552K, used 5537K [0x0000000081c00000, 0x0000000087180000, 0x00000000d5f00000)
  object space 87552K, 6% used [0x0000000081c00000,0x00000000821685f0,0x0000000087180000)
 Metaspace       used 20731K, capacity 21216K, committed 21296K, reserved 1067008K
  class space    used 2678K, capacity 2819K, committed 2864K, reserved 1048576K
Event: 3.594 GC heap after
Heap after GC invocations=5 (full 1):
 PSYoungGen      total 71680K, used 0K [0x00000000d5f00000, 0x00000000daa00000, 0x0000000100000000)
  eden space 66560K, 0% used [0x00000000d5f00000,0x00000000d5f00000,0x00000000da000000)
  from space 5120K, 0% used [0x00000000da500000,0x00000000da500000,0x00000000daa00000)
  to   space 5120K, 0% used [0x00000000da000000,0x00000000da000000,0x00000000da500000)
 ParOldGen       total 60928K, used 7859K [0x0000000081c00000, 0x0000000085780000, 0x00000000d5f00000)
  object space 60928K, 12% used [0x0000000081c00000,0x00000000823acc30,0x0000000085780000)
 Metaspace       used 20729K, capacity 21210K, committed 21296K, reserved 1067008K
  class space    used 2678K, capacity 2818K, committed 2864K, reserved 1048576K
}
Event: 5.387 GC heap before
{Heap before GC invocations=6 (full 1):
 PSYoungGen      total 71680K, used 66560K [0x00000000d5f00000, 0x00000000daa00000, 0x0000000100000000)
  eden space 66560K, 100% used [0x00000000d5f00000,0x00000000da000000,0x00000000da000000)
  from space 5120K, 0% used [0x00000000da500000,0x00000000da500000,0x00000000daa00000)
  to   space 5120K, 0% used [0x00000000da000000,0x00000000da000000,0x00000000da500000)
 ParOldGen       total 60928K, used 7859K [0x0000000081c00000, 0x0000000085780000, 0x00000000d5f00000)
  object space 60928K, 12% used [0x0000000081c00000,0x00000000823acc30,0x0000000085780000)
 Metaspace       used 26575K, capacity 27402K, committed 27440K, reserved 1073152K
  class space    used 3413K, capacity 3614K, committed 3632K, reserved 1048576K
Event: 5.405 GC heap after
Heap after GC invocations=6 (full 1):
 PSYoungGen      total 71680K, used 5102K [0x00000000d5f00000, 0x00000000dd300000, 0x0000000100000000)
  eden space 66560K, 0% used [0x00000000d5f00000,0x00000000d5f00000,0x00000000da000000)
  from space 5120K, 99% used [0x00000000da000000,0x00000000da4fbb78,0x00000000da500000)
  to   space 9216K, 0% used [0x00000000dca00000,0x00000000dca00000,0x00000000dd300000)
 ParOldGen       total 60928K, used 10179K [0x0000000081c00000, 0x0000000085780000, 0x00000000d5f00000)
  object space 60928K, 16% used [0x0000000081c00000,0x00000000825f0ff8,0x0000000085780000)
 Metaspace       used 26575K, capacity 27402K, committed 27440K, reserved 1073152K
  class space    used 3413K, capacity 3614K, committed 3632K, reserved 1048576K
}
Event: 7.614 GC heap before
{Heap before GC invocations=7 (full 1):
 PSYoungGen      total 71680K, used 71662K [0x00000000d5f00000, 0x00000000dd300000, 0x0000000100000000)
  eden space 66560K, 100% used [0x00000000d5f00000,0x00000000da000000,0x00000000da000000)
  from space 5120K, 99% used [0x00000000da000000,0x00000000da4fbb78,0x00000000da500000)
  to   space 9216K, 0% used [0x00000000dca00000,0x00000000dca00000,0x00000000dd300000)
 ParOldGen       total 60928K, used 10179K [0x0000000081c00000, 0x0000000085780000, 0x00000000d5f00000)
  object space 60928K, 16% used [0x0000000081c00000,0x00000000825f0ff8,0x0000000085780000)
 Metaspace       used 31005K, capacity 32324K, committed 32432K, reserved 1077248K
  class space    used 3958K, capacity 4229K, committed 4272K, reserved 1048576K
Event: 7.641 GC heap after
Heap after GC invocations=7 (full 1):
 PSYoungGen      total 108032K, used 9192K [0x00000000d5f00000, 0x00000000dd500000, 0x0000000100000000)
  eden space 98816K, 0% used [0x00000000d5f00000,0x00000000d5f00000,0x00000000dbf80000)
  from space 9216K, 99% used [0x00000000dca00000,0x00000000dd2fa0a8,0x00000000dd300000)
  to   space 10752K, 0% used [0x00000000dbf80000,0x00000000dbf80000,0x00000000dca00000)
 ParOldGen       total 60928K, used 10775K [0x0000000081c00000, 0x0000000085780000, 0x00000000d5f00000)
  object space 60928K, 17% used [0x0000000081c00000,0x0000000082685fa0,0x0000000085780000)
 Metaspace       used 31005K, capacity 32324K, committed 32432K, reserved 1077248K
  class space    used 3958K, capacity 4229K, committed 4272K, reserved 1048576K
}
Event: 8.958 GC heap before
{Heap before GC invocations=8 (full 1):
 PSYoungGen      total 108032K, used 58055K [0x00000000d5f00000, 0x00000000dd500000, 0x0000000100000000)
  eden space 98816K, 49% used [0x00000000d5f00000,0x00000000d8eb7e38,0x00000000dbf80000)
  from space 9216K, 99% used [0x00000000dca00000,0x00000000dd2fa0a8,0x00000000dd300000)
  to   space 10752K, 0% used [0x00000000dbf80000,0x00000000dbf80000,0x00000000dca00000)
 ParOldGen       total 60928K, used 10775K [0x0000000081c00000, 0x0000000085780000, 0x00000000d5f00000)
  object space 60928K, 17% used [0x0000000081c00000,0x0000000082685fa0,0x0000000085780000)
 Metaspace       used 33899K, capacity 35394K, committed 35496K, reserved 1081344K
  class space    used 4372K, capacity 4656K, committed 4656K, reserved 1048576K
Event: 8.978 GC heap after
Heap after GC invocations=8 (full 1):
 PSYoungGen      total 109568K, used 10738K [0x00000000d5f00000, 0x00000000e0680000, 0x0000000100000000)
  eden space 98816K, 0% used [0x00000000d5f00000,0x00000000d5f00000,0x00000000dbf80000)
  from space 10752K, 99% used [0x00000000dbf80000,0x00000000dc9fc988,0x00000000dca00000)
  to   space 12288K, 0% used [0x00000000dfa80000,0x00000000dfa80000,0x00000000e0680000)
 ParOldGen       total 60928K, used 10825K [0x0000000081c00000, 0x0000000085780000, 0x00000000d5f00000)
  object space 60928K, 17% used [0x0000000081c00000,0x00000000826926e8,0x0000000085780000)
 Metaspace       used 33899K, capacity 35394K, committed 35496K, reserved 1081344K
  class space    used 4372K, capacity 4656K, committed 4656K, reserved 1048576K
}
Event: 8.978 GC heap before
{Heap before GC invocations=9 (full 2):
 PSYoungGen      total 109568K, used 10738K [0x00000000d5f00000, 0x00000000e0680000, 0x0000000100000000)
  eden space 98816K, 0% used [0x00000000d5f00000,0x00000000d5f00000,0x00000000dbf80000)
  from space 10752K, 99% used [0x00000000dbf80000,0x00000000dc9fc988,0x00000000dca00000)
  to   space 12288K, 0% used [0x00000000dfa80000,0x00000000dfa80000,0x00000000e0680000)
 ParOldGen       total 60928K, used 10825K [0x0000000081c00000, 0x0000000085780000, 0x00000000d5f00000)
  object space 60928K, 17% used [0x0000000081c00000,0x00000000826926e8,0x0000000085780000)
 Metaspace       used 33899K, capacity 35394K, committed 35496K, reserved 1081344K
  class space    used 4372K, capacity 4656K, committed 4656K, reserved 1048576K
Event: 9.126 GC heap after
Heap after GC invocations=9 (full 2):
 PSYoungGen      total 109568K, used 0K [0x00000000d5f00000, 0x00000000e0680000, 0x0000000100000000)
  eden space 98816K, 0% used [0x00000000d5f00000,0x00000000d5f00000,0x00000000dbf80000)
  from space 10752K, 0% used [0x00000000dbf80000,0x00000000dbf80000,0x00000000dca00000)
  to   space 12288K, 0% used [0x00000000dfa80000,0x00000000dfa80000,0x00000000e0680000)
 ParOldGen       total 97280K, used 14668K [0x0000000081c00000, 0x0000000087b00000, 0x00000000d5f00000)
  object space 97280K, 15% used [0x0000000081c00000,0x0000000082a53288,0x0000000087b00000)
 Metaspace       used 33899K, capacity 35394K, committed 35496K, reserved 1081344K
  class space    used 4372K, capacity 4656K, committed 4656K, reserved 1048576K
}

